2023-03-11 17:41:43,619 INFO o.s.b.StartupInfoLogger [restartedMain] Starting QwanguApiApplication using Java 17.0.6 on g752vt with PID 11423 (/home/kevin/workspaces/backend/Qwangu-pms/qwangu-api/target/classes started by kevin in /home/kevin/workspaces/backend/Qwangu-pms/qwangu-api)
2023-03-11 17:41:43,622 INFO o.s.b.SpringApplication [restartedMain] The following 1 profile is active: "dev"
2023-03-11 17:41:43,661 INFO o.s.b.l.DeferredLog [restartedMain] Devtools property defaults active! Set 'spring.devtools.add-properties' to 'false' to disable
2023-03-11 17:41:43,662 INFO o.s.b.l.DeferredLog [restartedMain] For additional web related logging consider setting the 'logging.level.web' property to 'DEBUG'
2023-03-11 17:41:44,235 INFO o.s.d.r.c.RepositoryConfigurationDelegate [restartedMain] Bootstrapping Spring Data Reactive MongoDB repositories in DEFAULT mode.
2023-03-11 17:41:44,373 INFO o.s.d.r.c.RepositoryConfigurationDelegate [restartedMain] Finished Spring Data repository scanning in 134 ms. Found 17 Reactive MongoDB repository interfaces.
2023-03-11 17:41:45,058 INFO c.m.d.l.SLF4JLogger [restartedMain] Cluster created with settings {hosts=[localhost:27017], mode=SINGLE, requiredClusterType=UNKNOWN, serverSelectionTimeout='30000 ms'}
2023-03-11 17:41:45,166 INFO c.m.d.l.SLF4JLogger [cluster-rtt-ClusterId{value='640c9329c942ec235a2fdba4', description='null'}-localhost:27017] Opened connection [connectionId{localValue:2, serverValue:49}] to localhost:27017
2023-03-11 17:41:45,166 INFO c.m.d.l.SLF4JLogger [cluster-ClusterId{value='640c9329c942ec235a2fdba4', description='null'}-localhost:27017] Opened connection [connectionId{localValue:1, serverValue:48}] to localhost:27017
2023-03-11 17:41:45,168 INFO c.m.d.l.SLF4JLogger [cluster-ClusterId{value='640c9329c942ec235a2fdba4', description='null'}-localhost:27017] Monitor thread successfully connected to server with description ServerDescription{address=localhost:27017, type=STANDALONE, state=CONNECTED, ok=true, minWireVersion=0, maxWireVersion=13, maxDocumentSize=16777216, logicalSessionTimeoutMinutes=30, roundTripTimeNanos=40965317}
2023-03-11 17:41:45,239 INFO o.s.b.d.a.OptionalLiveReloadServer [restartedMain] LiveReload server is running on port 35729
2023-03-11 17:41:45,509 INFO c.m.d.l.SLF4JLogger [nioEventLoopGroup-3-4] Opened connection [connectionId{localValue:4, serverValue:51}] to localhost:27017
2023-03-11 17:41:45,519 INFO c.m.d.l.SLF4JLogger [nioEventLoopGroup-3-3] Opened connection [connectionId{localValue:3, serverValue:50}] to localhost:27017
2023-03-11 17:41:45,523 INFO c.m.d.l.SLF4JLogger [nioEventLoopGroup-3-5] Opened connection [connectionId{localValue:5, serverValue:52}] to localhost:27017
2023-03-11 17:41:45,600 INFO c.m.d.l.SLF4JLogger [nioEventLoopGroup-3-6] Opened connection [connectionId{localValue:7, serverValue:53}] to localhost:27017
2023-03-11 17:41:45,616 INFO c.m.d.l.SLF4JLogger [nioEventLoopGroup-3-7] Opened connection [connectionId{localValue:8, serverValue:54}] to localhost:27017
2023-03-11 17:41:46,443 INFO o.s.b.w.e.n.NettyWebServer [restartedMain] Netty started on port 3001
2023-03-11 17:41:46,456 INFO o.s.b.StartupInfoLogger [restartedMain] Started QwanguApiApplication in 3.223 seconds (JVM running for 4.103)
2023-03-11 17:41:46,501 INFO c.k.p.q.c.BootstrapConfig [nioEventLoopGroup-3-7]  Deleted all authorities
2023-03-11 17:41:46,504 INFO c.k.p.q.c.BootstrapConfig [nioEventLoopGroup-3-7]  Deleted all roles
2023-03-11 17:41:46,512 INFO c.k.p.q.c.BootstrapConfig [nioEventLoopGroup-3-7]  Deleted all users
2023-03-11 17:41:46,554 INFO c.k.p.q.c.BootstrapConfig [nioEventLoopGroup-3-7]  Created UserRole(id=640c932ac942ec235a2fdba5, name=SUPER_ADMIN, createdOn=2023-03-11T17:41:46.539929761, createdBy=SYSTEM, modifiedOn=2023-03-11T17:41:46.539929761, modifiedBy=SYSTEM)
2023-03-11 17:41:46,581 INFO c.k.p.q.c.BootstrapConfig [nioEventLoopGroup-3-7]  Created UserAuthority(id=640c932ac942ec235a2fdba6, name=APARTMENT, create=true, read=true, update=true, delete=true, authorize=true, roleId=640c932ac942ec235a2fdba5, createdOn=2023-03-11T17:41:46.561795849, createdBy=SYSTEM, modifiedOn=2023-03-11T17:41:46.561795849, modifiedBy=SYSTEM)
2023-03-11 17:41:46,582 INFO c.k.p.q.c.BootstrapConfig [nioEventLoopGroup-3-7]  Created UserAuthority(id=640c932ac942ec235a2fdba7, name=UNIT, create=true, read=true, update=true, delete=true, authorize=true, roleId=640c932ac942ec235a2fdba5, createdOn=2023-03-11T17:41:46.563755916, createdBy=SYSTEM, modifiedOn=2023-03-11T17:41:46.563755916, modifiedBy=SYSTEM)
2023-03-11 17:41:46,582 INFO c.k.p.q.c.BootstrapConfig [nioEventLoopGroup-3-7]  Created UserAuthority(id=640c932ac942ec235a2fdba8, name=OCCUPATION, create=true, read=true, update=true, delete=true, authorize=true, roleId=640c932ac942ec235a2fdba5, createdOn=2023-03-11T17:41:46.564507714, createdBy=SYSTEM, modifiedOn=2023-03-11T17:41:46.564507714, modifiedBy=SYSTEM)
2023-03-11 17:41:46,583 INFO c.k.p.q.c.BootstrapConfig [nioEventLoopGroup-3-7]  Created UserAuthority(id=640c932ac942ec235a2fdba9, name=TENANT, create=true, read=true, update=true, delete=true, authorize=true, roleId=640c932ac942ec235a2fdba5, createdOn=2023-03-11T17:41:46.565072047, createdBy=SYSTEM, modifiedOn=2023-03-11T17:41:46.565072047, modifiedBy=SYSTEM)
2023-03-11 17:41:46,583 INFO c.k.p.q.c.BootstrapConfig [nioEventLoopGroup-3-7]  Created UserAuthority(id=640c932ac942ec235a2fdbaa, name=NOTICE, create=true, read=true, update=true, delete=true, authorize=true, roleId=640c932ac942ec235a2fdba5, createdOn=2023-03-11T17:41:46.565684543, createdBy=SYSTEM, modifiedOn=2023-03-11T17:41:46.565684543, modifiedBy=SYSTEM)
2023-03-11 17:41:46,583 INFO c.k.p.q.c.BootstrapConfig [nioEventLoopGroup-3-7]  Created UserAuthority(id=640c932ac942ec235a2fdbab, name=PAYMENT, create=true, read=true, update=true, delete=true, authorize=true, roleId=640c932ac942ec235a2fdba5, createdOn=2023-03-11T17:41:46.566180032, createdBy=SYSTEM, modifiedOn=2023-03-11T17:41:46.566180032, modifiedBy=SYSTEM)
2023-03-11 17:41:46,583 INFO c.k.p.q.c.BootstrapConfig [nioEventLoopGroup-3-7]  Created UserAuthority(id=640c932ac942ec235a2fdbac, name=OCCUPATION_TRANSACTION, create=true, read=true, update=true, delete=true, authorize=true, roleId=640c932ac942ec235a2fdba5, createdOn=2023-03-11T17:41:46.566510389, createdBy=SYSTEM, modifiedOn=2023-03-11T17:41:46.566510389, modifiedBy=SYSTEM)
2023-03-11 17:41:46,584 INFO c.k.p.q.c.BootstrapConfig [nioEventLoopGroup-3-7]  Created UserAuthority(id=640c932ac942ec235a2fdbad, name=ADVANCE, create=true, read=true, update=true, delete=true, authorize=true, roleId=640c932ac942ec235a2fdba5, createdOn=2023-03-11T17:41:46.566895755, createdBy=SYSTEM, modifiedOn=2023-03-11T17:41:46.566895755, modifiedBy=SYSTEM)
2023-03-11 17:41:46,584 INFO c.k.p.q.c.BootstrapConfig [nioEventLoopGroup-3-7]  Created UserAuthority(id=640c932ac942ec235a2fdbae, name=RECEIVABLE, create=true, read=true, update=true, delete=true, authorize=true, roleId=640c932ac942ec235a2fdba5, createdOn=2023-03-11T17:41:46.567248935, createdBy=SYSTEM, modifiedOn=2023-03-11T17:41:46.567248935, modifiedBy=SYSTEM)
2023-03-11 17:41:46,584 INFO c.k.p.q.c.BootstrapConfig [nioEventLoopGroup-3-7]  Created UserAuthority(id=640c932ac942ec235a2fdbaf, name=REFUND, create=true, read=true, update=true, delete=true, authorize=true, roleId=640c932ac942ec235a2fdba5, createdOn=2023-03-11T17:41:46.567761842, createdBy=SYSTEM, modifiedOn=2023-03-11T17:41:46.567761842, modifiedBy=SYSTEM)
2023-03-11 17:41:46,584 INFO c.k.p.q.c.BootstrapConfig [nioEventLoopGroup-3-7]  Created UserAuthority(id=640c932ac942ec235a2fdbb0, name=USER, create=true, read=true, update=true, delete=true, authorize=true, roleId=640c932ac942ec235a2fdba5, createdOn=2023-03-11T17:41:46.568145508, createdBy=SYSTEM, modifiedOn=2023-03-11T17:41:46.568145508, modifiedBy=SYSTEM)
2023-03-11 17:41:46,585 INFO c.k.p.q.c.BootstrapConfig [nioEventLoopGroup-3-7]  Created UserAuthority(id=640c932ac942ec235a2fdbb1, name=USER_ROLE, create=true, read=true, update=true, delete=true, authorize=true, roleId=640c932ac942ec235a2fdba5, createdOn=2023-03-11T17:41:46.568559095, createdBy=SYSTEM, modifiedOn=2023-03-11T17:41:46.568559095, modifiedBy=SYSTEM)
2023-03-11 17:41:46,585 INFO c.k.p.q.c.BootstrapConfig [nioEventLoopGroup-3-7]  Created UserAuthority(id=640c932ac942ec235a2fdbb2, name=USER_AUTHORITY, create=true, read=true, update=true, delete=true, authorize=true, roleId=640c932ac942ec235a2fdba5, createdOn=2023-03-11T17:41:46.568920689, createdBy=SYSTEM, modifiedOn=2023-03-11T17:41:46.568920689, modifiedBy=SYSTEM)
2023-03-11 17:41:46,595 INFO c.k.p.q.c.BootstrapConfig [nioEventLoopGroup-3-7]  Encoded password $2a$06$GnvzoxA53oPykL113DNWyeExkTQCGXD8W47YHXYd57CKxDus/HkKm
2023-03-11 17:41:46,605 INFO c.k.p.q.c.BootstrapConfig [nioEventLoopGroup-3-7]  Created User(id=640c932ac942ec235a2fdbb3, person=Person(firstName=John, otherNames=David, surname=Doe), emailAddress=johnDoe@email.com, roleId=640c932ac942ec235a2fdba5, password=$2a$06$GnvzoxA53oPykL113DNWyeExkTQCGXD8W47YHXYd57CKxDus/HkKm, isAccountExpired=false, isCredentialsExpired=false, isAccountLocked=false, isEnabled=true, createdOn=2023-03-11T17:41:46.599294454, createdBy=SYSTEM, modifiedOn=2023-03-11T17:41:46.599294454, modifiedBy=SYSTEM)
2023-03-11 17:41:51,354 INFO o.s.b.a.SpringApplicationAdminMXBeanRegistrar$SpringApplicationAdmin [RMI TCP Connection(2)-127.0.0.1] Application shutdown requested.
